<?xml version="1.0" encoding="UTF-8" ?>
<testsuites>
  <testsuite errors="0" failures="1" hostname="MCSANC03" id="0" name="WmTestSuite" package="com.wm.ps.test" skipped="0" tests="2" time="0.363" timestamp="2017-04-19T11:54:41">
      <properties>
[...]
</properties>

      <testcase classname="com.wm.ps.test.WmTestCase" name="mappingSvc" time="0.335">
          <failure message="InSKUList[0]/InSKUList[1]/InSKUList[2]/InSKUList[3]/InSKUList[4]/InSKUList[5]/InSKUList[6]/InSKUList[7]/InSKUList[8]/InSKUList[9]/InSKUList[10]/InSKUList[11]/InSKUList[12]/InSKUList[13]/InSKUList[14]/InSKUList[15]/InSKUList[16]/InSKUList[17]/InSKUList[18]/InSKUList[19]/InSKUList[20]/InSKUList[21]/InSKUList[22]/InSKUList[23]/InSKUList[24]/InSKUList[25]/InSKUList[26]/InSKUList[27]/InSKUList[28]/InSKUList[29]/InSKUList[30]/InSKUList[31]/InSKUList[32]/InSKUList[33]/InSKUList[34]/InSKUList[35]/InSKUList[36]/InSKUList[37]/InSKUList[38]/InSKUList[39]/InSKUList[40]/InSKUList[41]/InSKUList[42]/InSKUList[43]/InSKUList[44]/InSKUList[45]/InSKUList[46]/InSKUList[47]/InSKUList[48]/InSKUList[49]/InSKUList[50]/InSKUList[51]/InSKUList[52]/InSKUList[53]/InSKUList[54]/InSKUList[55]/InSKUList[56]/InSKUList[57]/InSKUList[58]/InSKUList[59]/InSKUList[60]/InSKUList[61]/InSKUList[62]/InSKUList[63]/InSKUList[64]/InSKUList[65]/InSKUList[66]/InSKUList[67]/InSKUList[68]/InSKUList[69]/InSKUList[70]/InSKUList[71]/InSKUList[72]/InSKUList[73]/InSKUList[74]/InSKUList[75]/InSKUList[76]/InSKUList[77]/InSKUList[78]/InSKUList[79]/InSKUList[80]/InSKUList[81]/InSKUList[82]/InSKUList[83]/InSKUList[84]/InSKUList[85]/InSKUList[86]/InSKUList[87]/InSKUList[88]/InSKUList[89]/InSKUList[90]/InSKUList[91]/InSKUList[92]/InSKUList[93]/InSKUList[94]/InSKUList[95]/InSKUList[96]/InSKUList[97]/InSKUList[98]/InSKUList[99]/InSKUList[100]/InSKUList[101]/InSKUList[102]/InSKUList[103]/InSKUList[104]/InSKUList[105]/InSKUList[106]/InSKUList[107]/InSKUList[108]/InSKUList[109]/InSKUList[110]/InSKUList[111]/InSKUList[112]/InSKUList[113]/InSKUList[114]/InSKUList[115]/InSKUList[116]/InSKUList[117]/InSKUList[118]/InSKUList[119]/InSKUList[120]/InSKUList[121]/InSKUList[122]/InSKUList[123]/InSKUList[124]/InSKUList[125]/InSKUList[126]/InSKUList[127]/InSKUList[128]/InSKUList[129]/InSKUList[130]/InSKUList[131]/InSKUList[132]/InSKUList[133]/InSKUList[134]/InSKUList[135]/InSKUList[136]/InSKUList[137]/InSKUList[138]/InSKUList[139]/InSKUList[140]/InSKUList[141]/InSKUList[142]/InSKUList[143]/InSKUList[144]/InSKUList[145]/InSKUList[146]/InSKUList[147]/InSKUList[148]/InSKUList[149]/InSKUList[150]/InSKUList[151]/InSKUList[152]/InSKUList[153]/InSKUList[154]/InSKUList[155]/InSKUList[156]/InSKUList[157]/InSKUList[158]/InSKUList[159]/InSKUList[160]/InSKUList[161]/InSKUList[162]/InSKUList[163]/InSKUList[164]/InSKUList[165]/InSKUList[166]/InSKUList[167]/InSKUList[168]/InSKUList[169]/InSKUList[170]/InSKUList[171]/InSKUList[172]/InSKUList[173]/InSKUList[174]/InSKUList[175]/InSKUList[176]/InSKUList[177]/InSKUList[178]/InSKUList[179]/InSKUList[180]/InSKUList[181]/InSKUList[182]/InSKUList[183]/InSKUList[184]/InSKUList[185]/InSKUList[186]/InSKUList[187]/InSKUList[188]/InSKUList[189]/InSKUList[190]/InSKUList[191]/InSKUList[192]/InSKUList[193]/InSKUList[194]/InSKUList[195]/InSKUList[196]/InSKUList[197]/InSKUList[198]/InSKUList[199]/InSKUList[200]/InSKUList[201]/InSKUList[202]/InSKUList[203]/InSKUList[204]/InSKUList[205]/InSKUList[206]/InSKUList[207]/InSKUList[208]/InSKUList[209]/InSKUList[210]/InSKUList[211]/InSKUList[212]/InSKUList[213]/InSKUList[214]/InSKUList[215]/InSKUList[216]/InSKUList[217]/InSKUList[218]/InSKUList[219]/InSKUList[220]/InSKUList[221]/InSKUList[222]/InSKUList[223]/InSKUList[224]/InSKUList[225]/InSKUList[226]/InSKUList[227]/InSKUList[228]/InSKUList[229]/InSKUList[230]/InSKUList[231]/InSKUList[232]/InSKUList[233]/InSKUList[234]/InSKUList[235]/InSKUList[236]/InSKUList[237]/InSKUList[238]/InSKUList[239]/InSKUList[240]/InSKUList[241]/InSKUList[242]/InSKUList[243]/InSKUList[244]/InSKUList[245]/InSKUList[246]/InSKUList[247]/InSKUList[248]/InSKUList[249]/InSKUList[250]/InSKUList[251]/InSKUList[252]/InSKUList[253]/InSKUList[254]/InSKUList[255]/InSKUList[256]/InSKUList[257]/InSKUList[258]/InSKUList[259]/InSKUList[260]/InSKUList[261]/InSKUList[262]/InSKUList[263]/InSKUList[264]/InSKUList[265]/InSKUList[266]/InSKUList[267]/InSKUList[268]/InSKUList[269]/InSKUList[270]/InSKUList[271]/InSKUList[272]/InSKUList[273]/InSKUList[274]/InSKUList[275]/InSKUList[276]/InSKUList[277]/InSKUList[278]/InSKUList[279]/InSKUList[280]/InSKUList[281]/InSKUList[282]/InSKUList[283]/InSKUList[284]/InSKUList[285]/InSKUList[286]/InSKUList[287]/InSKUList[288]/InSKUList[289]/InSKUList[290]/InSKUList[291]/InSKUList[292]/InSKUList[293]/InSKUList[294]/InSKUList[295]/InSKUList[296]/InSKUList[297]/InSKUList[298]/InSKUList[299]/InSKUList[300]/InSKUList[301]/InSKUList[302]/InSKUList[303]/InSKUList[304]/InSKUList[305]/InSKUList[306]/InSKUList[307]/InSKUList[308]/InSKUList[309]/InSKUList[310]/InSKUList[311]/InSKUList[312]/InSKUList[313]/InSKUList[314]/InSKUList[315]/InSKUList[316]/InSKUList[317]/InSKUList[318]/InSKUList[319]/InSKUList[320]/InSKUList[321]/InSKUList[322]/InSKUList[323]/InSKUList[324]/InSKUList[325]/InSKUList[326]/InSKUList[327]/InSKUList[328]/InSKUList[329]/InSKUList[330]/InSKUList[331]/InSKUList[332]/InSKUList[333]/InSKUList[334]/InSKUList[335]/InSKUList[336]/InSKUList[337]/InSKUList[338]/InSKUList[339]/InSKUList[340]/InSKUList[341]/InSKUList[342]/InSKUList[343]/InSKUList[344]/InSKUList[345]/InSKUList[346]/InSKUList[347]/InSKUList[348]/InSKUList[349]/InSKUList[350]/InSKUList[351]/InSKUList[352]/InSKUList[353]/InSKUList[354]/InSKUList[355]/InSKUList[356]/InSKUList[357]/InSKUList[358]/InSKUList[359]/InSKUList[360]/InSKUList[361]/InSKUList[362]/InSKUList[363]/InSKUList[364]/InSKUList[365]/InSKUList[366]/InSKUList[367]/InSKUList[368]/InSKUList[369]/InSKUList[370]/InSKUList[371]/InSKUList[372]/InSKUList[373]/InSKUList[374]/InSKUList[375]/InSKUList[376]/InSKUList[377]/InSKUList[378]/InSKUList[379]/InSKUList[380]/InSKUList[381]/InSKUList[382]/InSKUList[383]/InSKUList[384]/InSKUList[385]/InSKUList[386]/InSKUList[387]/InSKUList[388]/InSKUList[389]/InSKUList[390]/InSKUList[391]/InSKUList[392]/InSKUList[393]/InSKUList[394]/InSKUList[395]/InSKUList[396]/InSKUList[397]/OutSKUList[0]/OutSKUList[1]/OutSKUList[2]/OutSKUList[3]/OutSKUList[4]/OutSKUList[5]/OutSKUList[6]/OutSKUList[7]/OutSKUList[8]/OutSKUList[9]/OutSKUList[10]/OutSKUList[11]/OutSKUList[12]/OutSKUList[13]/OutSKUList[14]/OutSKUList[15]/OutSKUList[16]/OutSKUList[17]/OutSKUList[18]/OutSKUList[19]/OutSKUList[20]/OutSKUList[21]/OutSKUList[22]/OutSKUList[23]/OutSKUList[24]/OutSKUList[25]/OutSKUList[26]/OutSKUList[27]/OutSKUList[28]/OutSKUList[29]/OutSKUList[30]/OutSKUList[31]/OutSKUList[32]/OutSKUList[33]/OutSKUList[34]/OutSKUList[35]/OutSKUList[36]/OutSKUList[37]/OutSKUList[38]/OutSKUList[39]/OutSKUList[40]/OutSKUList[41]/OutSKUList[42]/OutSKUList[43]/OutSKUList[44]/OutSKUList[45]/OutSKUList[46]/OutSKUList[47]/OutSKUList[48]/OutSKUList[49]/OutSKUList[50]/OutSKUList[51]/OutSKUList[52]/OutSKUList[53]/OutSKUList[54]/OutSKUList[55]/OutSKUList[56]/OutSKUList[57]/OutSKUList[58]/OutSKUList[59]/OutSKUList[60]/OutSKUList[61]/OutSKUList[62]/OutSKUList[63]/OutSKUList[64]/OutSKUList[65]/OutSKUList[66]/OutSKUList[67]/OutSKUList[68]/OutSKUList[69]/OutSKUList[70]/OutSKUList[71]/OutSKUList[72]/OutSKUList[73]/OutSKUList[74]/OutSKUList[75]/OutSKUList[76]/OutSKUList[77]/OutSKUList[78]/OutSKUList[79]/OutSKUList[80]/OutSKUList[81]/OutSKUList[82]/OutSKUList[83]/OutSKUList[84]/OutSKUList[85]/OutSKUList[86]/OutSKUList[87]/OutSKUList[88]/OutSKUList[89]/OutSKUList[90]/OutSKUList[91]/OutSKUList[92]/OutSKUList[93]/OutSKUList[94]/OutSKUList[95]/OutSKUList[96]/OutSKUList[97]/OutSKUList[98]/OutSKUList[99]/OutSKUList[100]/OutSKUList[101]/OutSKUList[102]/OutSKUList[103]/OutSKUList[104]/OutSKUList[105]/OutSKUList[106]/OutSKUList[107]/OutSKUList[108]/OutSKUList[109]/OutSKUList[110]/OutSKUList[111]/OutSKUList[112]/OutSKUList[113]/OutSKUList[114]/OutSKUList[115]/OutSKUList[116]/OutSKUList[117]/OutSKUList[118]/OutSKUList[119]/OutSKUList[120]/OutSKUList[121]/OutSKUList[122]/OutSKUList[123]/OutSKUList[124]/OutSKUList[125]/OutSKUList[126]/OutSKUList[127]/OutSKUList[128]/OutSKUList[129]/OutSKUList[130]/OutSKUList[131]/OutSKUList[132]/OutSKUList[133]/OutSKUList[134]/OutSKUList[135]/OutSKUList[136]/OutSKUList[137]/OutSKUList[138]/OutSKUList[139]/OutSKUList[140]/OutSKUList[141]/OutSKUList[142]/OutSKUList[143]/OutSKUList[144]/OutSKUList[145]/OutSKUList[146]/OutSKUList[147]/OutSKUList[148]/OutSKUList[149]/OutSKUList[150]/OutSKUList[151]/OutSKUList[152]/OutSKUList[153]/OutSKUList[154]/OutSKUList[155]/OutSKUList[156]/OutSKUList[157]/OutSKUList[158]/OutSKUList[159]/OutSKUList[160]/OutSKUList[161]/OutSKUList[162]/OutSKUList[163]/OutSKUList[164]/OutSKUList[165]/OutSKUList[166]/OutSKUList[167]/OutSKUList[168]/OutSKUList[169]/OutSKUList[170]/OutSKUList[171]/OutSKUList[172]/OutSKUList[173]/OutSKUList[174]/OutSKUList[175]/OutSKUList[176]/OutSKUList[177]/OutSKUList[178]/OutSKUList[179]/OutSKUList[180]/OutSKUList[181]/OutSKUList[182]/OutSKUList[183]/OutSKUList[184]/OutSKUList[185]/OutSKUList[186]/OutSKUList[187]/OutSKUList[188]/OutSKUList[189]/OutSKUList[190]/OutSKUList[191]/OutSKUList[192]/OutSKUList[193]/OutSKUList[194]/OutSKUList[195]/OutSKUList[196]/OutSKUList[197]/OutSKUList[198]/OutSKUList[199]/OutSKUList[200]/OutSKUList[201]/OutSKUList[202]/OutSKUList[203]/OutSKUList[204]/OutSKUList[205]/OutSKUList[206]/OutSKUList[207]/OutSKUList[208]/OutSKUList[209]/OutSKUList[210]/OutSKUList[211]/OutSKUList[212]/OutSKUList[213]/OutSKUList[214]/OutSKUList[215]/OutSKUList[216]/OutSKUList[217]/OutSKUList[218]/OutSKUList[219]/OutSKUList[220]/OutSKUList[221]/OutSKUList[222]/OutSKUList[223]/OutSKUList[224]/OutSKUList[225]/OutSKUList[226]/OutSKUList[227]/OutSKUList[228]/OutSKUList[229]/OutSKUList[230]/OutSKUList[231]/OutSKUList[232]/OutSKUList[233]/OutSKUList[234]/OutSKUList[235]/OutSKUList[236]/OutSKUList[237]/OutSKUList[238]/OutSKUList[239]/OutSKUList[240]/OutSKUList[241]/OutSKUList[242]/OutSKUList[243]/OutSKUList[244]/OutSKUList[245]/OutSKUList[246]/OutSKUList[247]/OutSKUList[248]/OutSKUList[249]/OutSKUList[250]/OutSKUList[251]/OutSKUList[252]/OutSKUList[253]/OutSKUList[254]/OutSKUList[255]/OutSKUList[256]/OutSKUList[257]/OutSKUList[258]/OutSKUList[259]/OutSKUList[260]/OutSKUList[261]/OutSKUList[262]/OutSKUList[263]/OutSKUList[264]/OutSKUList[265]/OutSKUList[266]/OutSKUList[267]/OutSKUList[268]/OutSKUList[269]/OutSKUList[270]/OutSKUList[271]/OutSKUList[272]/OutSKUList[273]/OutSKUList[274]/OutSKUList[275]/OutSKUList[276]/OutSKUList[277]/OutSKUList[278]/OutSKUList[279]/OutSKUList[280]/OutSKUList[281]/OutSKUList[282]/OutSKUList[283]/OutSKUList[284]/OutSKUList[285]/OutSKUList[286]/OutSKUList[287]/OutSKUList[288]/OutSKUList[289]/OutSKUList[290]/OutSKUList[291]/OutSKUList[292]/OutSKUList[293]/OutSKUList[294]/OutSKUList[295]/OutSKUList[296]/OutSKUList[297]/OutSKUList[298]/OutSKUList[299]/OutSKUList[300]/OutSKUList[301]/OutSKUList[302]/OutSKUList[303]/OutSKUList[304]/OutSKUList[305]/OutSKUList[306]/OutSKUList[307]/OutSKUList[308]/OutSKUList[309]/OutSKUList[310]/OutSKUList[311]/OutSKUList[312]/OutSKUList[313]/OutSKUList[314]/OutSKUList[315]/OutSKUList[316]/OutSKUList[317]/OutSKUList[318]/OutSKUList[319]/OutSKUList[320]/OutSKUList[321]/OutSKUList[322]/OutSKUList[323]/OutSKUList[324]/OutSKUList[325]/OutSKUList[326]/OutSKUList[327]/OutSKUList[328]/OutSKUList[329]/OutSKUList[330]/OutSKUList[331]/OutSKUList[332]/OutSKUList[333]/OutSKUList[334]/OutSKUList[335]/OutSKUList[336]/OutSKUList[337]/OutSKUList[338]/OutSKUList[339]/OutSKUList[340]/OutSKUList[341]/OutSKUList[342]/OutSKUList[343]/OutSKUList[344]/OutSKUList[345]/OutSKUList[346]/OutSKUList[347]/OutSKUList[348]/OutSKUList[349]/OutSKUList[350]/OutSKUList[351]/OutSKUList[352]/OutSKUList[353]/OutSKUList[354]/OutSKUList[355]/OutSKUList[356]/OutSKUList[357]/OutSKUList[358]/OutSKUList[359]/OutSKUList[360]/OutSKUList[361]/OutSKUList[362]/OutSKUList[363]/OutSKUList[364]/OutSKUList[365]/OutSKUList[366]/OutSKUList[367]/OutSKUList[368]/OutSKUList[369]/OutSKUList[370]/OutSKUList[371]/OutSKUList[372]/OutSKUList[373]/OutSKUList[374]/OutSKUList[375]/OutSKUList[376]/OutSKUList[377]/OutSKUList[378]/OutSKUList[379]/OutSKUList[380]/OutSKUList[381]/OutSKUList[382]/OutSKUList[383]/OutSKUList[384]/OutSKUList[385]/OutSKUList[386]/OutSKUList[387]/OutSKUList[388]/OutSKUList[389]/OutSKUList[390]/OutSKUList[391]/OutSKUList[392]/OutSKUList[393]/OutSKUList[394]/OutSKUList[395]/OutSKUList[396]/OutSKUList[397]/PartsRequest/PartRequisition/PartsList/SKU[0]/SKU[1]/SKU[2]/SKU[3]/SKU[4]/SKU[5]/SKU[6]/SKU[7]/SKU[8]/SKU[9]/SKU[10]/SKU[11]/SKU[12]/SKU[13]/SKU[14]/SKU[15]/SKU[16]/SKU[17]/SKU[18]/SKU[19]/SKU[20]/SKU[21]/SKU[22]/SKU[23]/SKU[24]/SKU[25]/SKU[26]/SKU[27]/SKU[28]/SKU[29]/SKU[30]/SKU[31]/SKU[32]/SKU[33]/SKU[34]/SKU[35]/SKU[36]/SKU[37]/SKU[38]/SKU[39]/SKU[40]/SKU[41]/SKU[42]/SKU[43]/SKU[44]/SKU[45]/SKU[46]/SKU[47]/SKU[48]/SKU[49]/SKU[50]/SKU[51]/SKU[52]/SKU[53]/SKU[54]/SKU[55]/SKU[56]/SKU[57]/SKU[58]/SKU[59]/SKU[60]/SKU[61]/SKU[62]/SKU[63]/SKU[64]/SKU[65]/SKU[66]/SKU[67]/SKU[68]/SKU[69]/SKU[70]/SKU[71]/SKU[72]/SKU[73]/SKU[74]/SKU[75]/SKU[76]/SKU[77]/SKU[78]/SKU[79]/SKU[80]/SKU[81]/SKU[82]/SKU[83]/SKU[84]/SKU[85]/SKU[86]/SKU[87]/SKU[88]/SKU[89]/SKU[90]/SKU[91]/SKU[92]/SKU[93]/SKU[94]/SKU[95]/SKU[96]/SKU[97]/SKU[98]/SKU[99]/SKU[100]/SKU[101]/SKU[102]/SKU[103]/SKU[104]/SKU[105]/SKU[106]/SKU[107]/SKU[108]/SKU[109]/SKU[110]/SKU[111]/SKU[112]/SKU[113]/SKU[114]/SKU[115]/SKU[116]/SKU[117]/SKU[118]/SKU[119]/SKU[120]/SKU[121]/SKU[122]/SKU[123]/SKU[124]/SKU[125]/SKU[126]/SKU[127]/SKU[128]/SKU[129]/SKU[130]/SKU[131]/SKU[132]/SKU[133]/SKU[134]/SKU[135]/SKU[136]/SKU[137]/SKU[138]/SKU[139]/SKU[140]/SKU[141]/SKU[142]/SKU[143]/SKU[144]/SKU[145]/SKU[146]/SKU[147]/SKU[148]/SKU[149]/SKU[150]/SKU[151]/SKU[152]/SKU[153]/SKU[154]/SKU[155]/SKU[156]/SKU[157]/SKU[158]/SKU[159]/SKU[160]/SKU[161]/SKU[162]/SKU[163]/SKU[164]/SKU[165]/SKU[166]/SKU[167]/SKU[168]/SKU[169]/SKU[170]/SKU[171]/SKU[172]/SKU[173]/SKU[174]/SKU[175]/SKU[176]/SKU[177]/SKU[178]/SKU[179]/SKU[180]/SKU[181]/SKU[182]/SKU[183]/SKU[184]/SKU[185]/SKU[186]/SKU[187]/SKU[188]/SKU[189]/SKU[190]/SKU[191]/SKU[192]/SKU[193]/SKU[194]/SKU[195]/SKU[196]/SKU[197]/SKU[198]/SKU[199]/SKU[200]/SKU[201]/SKU[202]/SKU[203]/SKU[204]/SKU[205]/SKU[206]/SKU[207]/SKU[208]/SKU[209]/SKU[210]/SKU[211]/SKU[212]/SKU[213]/SKU[214]/SKU[215]/SKU[216]/SKU[217]/SKU[218]/SKU[219]/SKU[220]/SKU[221]/SKU[222]/SKU[223]/SKU[224]/SKU[225]/SKU[226]/SKU[227]/SKU[228]/SKU[229]/SKU[230]/SKU[231]/SKU[232]/SKU[233]/SKU[234]/SKU[235]/SKU[236]/SKU[237]/SKU[238]/SKU[239]/SKU[240]/SKU[241]/SKU[242]/SKU[243]/SKU[244]/SKU[245]/SKU[246]/SKU[247]/SKU[248]/SKU[249]/SKU[250]/SKU[251]/SKU[252]/SKU[253]/SKU[254]/SKU[255]/SKU[256]/SKU[257]/SKU[258]/SKU[259]/SKU[260]/SKU[261]/SKU[262]/SKU[263]/SKU[264]/SKU[265]/SKU[266]/SKU[267]/SKU[268]/SKU[269]/SKU[270]/SKU[271]/SKU[272]/SKU[273]/SKU[274]/SKU[275]/SKU[276]/SKU[277]/SKU[278]/SKU[279]/SKU[280]/SKU[281]/SKU[282]/SKU[283]/SKU[284]/SKU[285]/SKU[286]/SKU[287]/SKU[288]/SKU[289]/SKU[290]/SKU[291]/SKU[292]/SKU[293]/SKU[294]/SKU[295]/SKU[296]/SKU[297]/SKU[298]/SKU[299]/SKU[300]/SKU[301]/SKU[302]/SKU[303]/SKU[304]/SKU[305]/SKU[306]/SKU[307]/SKU[308]/SKU[309]/SKU[310]/SKU[311]/SKU[312]/SKU[313]/SKU[314]/SKU[315]/SKU[316]/SKU[317]/SKU[318]/SKU[319]/SKU[320]/SKU[321]/SKU[322]/SKU[323]/SKU[324]/SKU[325]/SKU[326]/SKU[327]/SKU[328]/SKU[329]/SKU[330]/SKU[331]/SKU[332]/SKU[333]/SKU[334]/SKU[335]/SKU[336]/SKU[337]/SKU[338]/SKU[339]/SKU[340]/SKU[341]/SKU[342]/SKU[343]/SKU[344]/SKU[345]/SKU[346]/SKU[347]/SKU[348]/SKU[349]/SKU[350]/SKU[351]/SKU[352]/SKU[353]/SKU[354]/SKU[355]/SKU[356]/SKU[357]/SKU[358]/SKU[359]/SKU[360]/SKU[361]/SKU[362]/SKU[363]/SKU[364]/SKU[365]/SKU[366]/SKU[367]/SKU[368]/SKU[369]/SKU[370]/SKU[371]/SKU[372]/SKU[373]/SKU[374]/SKU[375]/SKU[376]/SKU[377]/SKU[378]/SKU[379]/SKU[380]/SKU[381]/SKU[382]/SKU[383]/SKU[384]/SKU[385]/SKU[386]/SKU[387]/SKU[388]/SKU[389]/SKU[390]/SKU[391]/SKU[392]/SKU[393]/SKU[394]/PartsConfirmation/PartConfirmation/Header/DateTimeStamp :Expected and actual objects don&apos;t match.: expected &lt;04-17-2017 02:20&gt; but was &lt;04-19-2017 05:24&gt;" type="junit.framework.AssertionFailedError">junit.framework.AssertionFailedError: InSKUList[0]/InSKUList[1]/InSKUList[2]/InSKUList[3]/InSKUList[4]/InSKUList[5]/InSKUList[6]/InSKUList[7]/InSKUList[8]/InSKUList[9]/InSKUList[10]/InSKUList[11]/InSKUList[12]/InSKUList[13]/InSKUList[14]/InSKUList[15]/InSKUList[16]/InSKUList[17]/InSKUList[18]/InSKUList[19]/InSKUList[20]/InSKUList[21]/InSKUList[22]/InSKUList[23]/InSKUList[24]/InSKUList[25]/InSKUList[26]/InSKUList[27]/InSKUList[28]/InSKUList[29]/InSKUList[30]/InSKUList[31]/InSKUList[32]/InSKUList[33]/InSKUList[34]/InSKUList[35]/InSKUList[36]/InSKUList[37]/InSKUList[38]/InSKUList[39]/InSKUList[40]/InSKUList[41]/InSKUList[42]/InSKUList[43]/InSKUList[44]/InSKUList[45]/InSKUList[46]/InSKUList[47]/InSKUList[48]/InSKUList[49]/InSKUList[50]/InSKUList[51]/InSKUList[52]/InSKUList[53]/InSKUList[54]/InSKUList[55]/InSKUList[56]/InSKUList[57]/InSKUList[58]/InSKUList[59]/InSKUList[60]/InSKUList[61]/InSKUList[62]/InSKUList[63]/InSKUList[64]/InSKUList[65]/InSKUList[66]/InSKUList[67]/InSKUList[68]/InSKUList[69]/InSKUList[70]/InSKUList[71]/InSKUList[72]/InSKUList[73]/InSKUList[74]/InSKUList[75]/InSKUList[76]/InSKUList[77]/InSKUList[78]/InSKUList[79]/InSKUList[80]/InSKUList[81]/InSKUList[82]/InSKUList[83]/InSKUList[84]/InSKUList[85]/InSKUList[86]/InSKUList[87]/InSKUList[88]/InSKUList[89]/InSKUList[90]/InSKUList[91]/InSKUList[92]/InSKUList[93]/InSKUList[94]/InSKUList[95]/InSKUList[96]/InSKUList[97]/InSKUList[98]/InSKUList[99]/InSKUList[100]/InSKUList[101]/InSKUList[102]/InSKUList[103]/InSKUList[104]/InSKUList[105]/InSKUList[106]/InSKUList[107]/InSKUList[108]/InSKUList[109]/InSKUList[110]/InSKUList[111]/InSKUList[112]/InSKUList[113]/InSKUList[114]/InSKUList[115]/InSKUList[116]/InSKUList[117]/InSKUList[118]/InSKUList[119]/InSKUList[120]/InSKUList[121]/InSKUList[122]/InSKUList[123]/InSKUList[124]/InSKUList[125]/InSKUList[126]/InSKUList[127]/InSKUList[128]/InSKUList[129]/InSKUList[130]/InSKUList[131]/InSKUList[132]/InSKUList[133]/InSKUList[134]/InSKUList[135]/InSKUList[136]/InSKUList[137]/InSKUList[138]/InSKUList[139]/InSKUList[140]/InSKUList[141]/InSKUList[142]/InSKUList[143]/InSKUList[144]/InSKUList[145]/InSKUList[146]/InSKUList[147]/InSKUList[148]/InSKUList[149]/InSKUList[150]/InSKUList[151]/InSKUList[152]/InSKUList[153]/InSKUList[154]/InSKUList[155]/InSKUList[156]/InSKUList[157]/InSKUList[158]/InSKUList[159]/InSKUList[160]/InSKUList[161]/InSKUList[162]/InSKUList[163]/InSKUList[164]/InSKUList[165]/InSKUList[166]/InSKUList[167]/InSKUList[168]/InSKUList[169]/InSKUList[170]/InSKUList[171]/InSKUList[172]/InSKUList[173]/InSKUList[174]/InSKUList[175]/InSKUList[176]/InSKUList[177]/InSKUList[178]/InSKUList[179]/InSKUList[180]/InSKUList[181]/InSKUList[182]/InSKUList[183]/InSKUList[184]/InSKUList[185]/InSKUList[186]/InSKUList[187]/InSKUList[188]/InSKUList[189]/InSKUList[190]/InSKUList[191]/InSKUList[192]/InSKUList[193]/InSKUList[194]/InSKUList[195]/InSKUList[196]/InSKUList[197]/InSKUList[198]/InSKUList[199]/InSKUList[200]/InSKUList[201]/InSKUList[202]/InSKUList[203]/InSKUList[204]/InSKUList[205]/InSKUList[206]/InSKUList[207]/InSKUList[208]/InSKUList[209]/InSKUList[210]/InSKUList[211]/InSKUList[212]/InSKUList[213]/InSKUList[214]/InSKUList[215]/InSKUList[216]/InSKUList[217]/InSKUList[218]/InSKUList[219]/InSKUList[220]/InSKUList[221]/InSKUList[222]/InSKUList[223]/InSKUList[224]/InSKUList[225]/InSKUList[226]/InSKUList[227]/InSKUList[228]/InSKUList[229]/InSKUList[230]/InSKUList[231]/InSKUList[232]/InSKUList[233]/InSKUList[234]/InSKUList[235]/InSKUList[236]/InSKUList[237]/InSKUList[238]/InSKUList[239]/InSKUList[240]/InSKUList[241]/InSKUList[242]/InSKUList[243]/InSKUList[244]/InSKUList[245]/InSKUList[246]/InSKUList[247]/InSKUList[248]/InSKUList[249]/InSKUList[250]/InSKUList[251]/InSKUList[252]/InSKUList[253]/InSKUList[254]/InSKUList[255]/InSKUList[256]/InSKUList[257]/InSKUList[258]/InSKUList[259]/InSKUList[260]/InSKUList[261]/InSKUList[262]/InSKUList[263]/InSKUList[264]/InSKUList[265]/InSKUList[266]/InSKUList[267]/InSKUList[268]/InSKUList[269]/InSKUList[270]/InSKUList[271]/InSKUList[272]/InSKUList[273]/InSKUList[274]/InSKUList[275]/InSKUList[276]/InSKUList[277]/InSKUList[278]/InSKUList[279]/InSKUList[280]/InSKUList[281]/InSKUList[282]/InSKUList[283]/InSKUList[284]/InSKUList[285]/InSKUList[286]/InSKUList[287]/InSKUList[288]/InSKUList[289]/InSKUList[290]/InSKUList[291]/InSKUList[292]/InSKUList[293]/InSKUList[294]/InSKUList[295]/InSKUList[296]/InSKUList[297]/InSKUList[298]/InSKUList[299]/InSKUList[300]/InSKUList[301]/InSKUList[302]/InSKUList[303]/InSKUList[304]/InSKUList[305]/InSKUList[306]/InSKUList[307]/InSKUList[308]/InSKUList[309]/InSKUList[310]/InSKUList[311]/InSKUList[312]/InSKUList[313]/InSKUList[314]/InSKUList[315]/InSKUList[316]/InSKUList[317]/InSKUList[318]/InSKUList[319]/InSKUList[320]/InSKUList[321]/InSKUList[322]/InSKUList[323]/InSKUList[324]/InSKUList[325]/InSKUList[326]/InSKUList[327]/InSKUList[328]/InSKUList[329]/InSKUList[330]/InSKUList[331]/InSKUList[332]/InSKUList[333]/InSKUList[334]/InSKUList[335]/InSKUList[336]/InSKUList[337]/InSKUList[338]/InSKUList[339]/InSKUList[340]/InSKUList[341]/InSKUList[342]/InSKUList[343]/InSKUList[344]/InSKUList[345]/InSKUList[346]/InSKUList[347]/InSKUList[348]/InSKUList[349]/InSKUList[350]/InSKUList[351]/InSKUList[352]/InSKUList[353]/InSKUList[354]/InSKUList[355]/InSKUList[356]/InSKUList[357]/InSKUList[358]/InSKUList[359]/InSKUList[360]/InSKUList[361]/InSKUList[362]/InSKUList[363]/InSKUList[364]/InSKUList[365]/InSKUList[366]/InSKUList[367]/InSKUList[368]/InSKUList[369]/InSKUList[370]/InSKUList[371]/InSKUList[372]/InSKUList[373]/InSKUList[374]/InSKUList[375]/InSKUList[376]/InSKUList[377]/InSKUList[378]/InSKUList[379]/InSKUList[380]/InSKUList[381]/InSKUList[382]/InSKUList[383]/InSKUList[384]/InSKUList[385]/InSKUList[386]/InSKUList[387]/InSKUList[388]/InSKUList[389]/InSKUList[390]/InSKUList[391]/InSKUList[392]/InSKUList[393]/InSKUList[394]/InSKUList[395]/InSKUList[396]/InSKUList[397]/OutSKUList[0]/OutSKUList[1]/OutSKUList[2]/OutSKUList[3]/OutSKUList[4]/OutSKUList[5]/OutSKUList[6]/OutSKUList[7]/OutSKUList[8]/OutSKUList[9]/OutSKUList[10]/OutSKUList[11]/OutSKUList[12]/OutSKUList[13]/OutSKUList[14]/OutSKUList[15]/OutSKUList[16]/OutSKUList[17]/OutSKUList[18]/OutSKUList[19]/OutSKUList[20]/OutSKUList[21]/OutSKUList[22]/OutSKUList[23]/OutSKUList[24]/OutSKUList[25]/OutSKUList[26]/OutSKUList[27]/OutSKUList[28]/OutSKUList[29]/OutSKUList[30]/OutSKUList[31]/OutSKUList[32]/OutSKUList[33]/OutSKUList[34]/OutSKUList[35]/OutSKUList[36]/OutSKUList[37]/OutSKUList[38]/OutSKUList[39]/OutSKUList[40]/OutSKUList[41]/OutSKUList[42]/OutSKUList[43]/OutSKUList[44]/OutSKUList[45]/OutSKUList[46]/OutSKUList[47]/OutSKUList[48]/OutSKUList[49]/OutSKUList[50]/OutSKUList[51]/OutSKUList[52]/OutSKUList[53]/OutSKUList[54]/OutSKUList[55]/OutSKUList[56]/OutSKUList[57]/OutSKUList[58]/OutSKUList[59]/OutSKUList[60]/OutSKUList[61]/OutSKUList[62]/OutSKUList[63]/OutSKUList[64]/OutSKUList[65]/OutSKUList[66]/OutSKUList[67]/OutSKUList[68]/OutSKUList[69]/OutSKUList[70]/OutSKUList[71]/OutSKUList[72]/OutSKUList[73]/OutSKUList[74]/OutSKUList[75]/OutSKUList[76]/OutSKUList[77]/OutSKUList[78]/OutSKUList[79]/OutSKUList[80]/OutSKUList[81]/OutSKUList[82]/OutSKUList[83]/OutSKUList[84]/OutSKUList[85]/OutSKUList[86]/OutSKUList[87]/OutSKUList[88]/OutSKUList[89]/OutSKUList[90]/OutSKUList[91]/OutSKUList[92]/OutSKUList[93]/OutSKUList[94]/OutSKUList[95]/OutSKUList[96]/OutSKUList[97]/OutSKUList[98]/OutSKUList[99]/OutSKUList[100]/OutSKUList[101]/OutSKUList[102]/OutSKUList[103]/OutSKUList[104]/OutSKUList[105]/OutSKUList[106]/OutSKUList[107]/OutSKUList[108]/OutSKUList[109]/OutSKUList[110]/OutSKUList[111]/OutSKUList[112]/OutSKUList[113]/OutSKUList[114]/OutSKUList[115]/OutSKUList[116]/OutSKUList[117]/OutSKUList[118]/OutSKUList[119]/OutSKUList[120]/OutSKUList[121]/OutSKUList[122]/OutSKUList[123]/OutSKUList[124]/OutSKUList[125]/OutSKUList[126]/OutSKUList[127]/OutSKUList[128]/OutSKUList[129]/OutSKUList[130]/OutSKUList[131]/OutSKUList[132]/OutSKUList[133]/OutSKUList[134]/OutSKUList[135]/OutSKUList[136]/OutSKUList[137]/OutSKUList[138]/OutSKUList[139]/OutSKUList[140]/OutSKUList[141]/OutSKUList[142]/OutSKUList[143]/OutSKUList[144]/OutSKUList[145]/OutSKUList[146]/OutSKUList[147]/OutSKUList[148]/OutSKUList[149]/OutSKUList[150]/OutSKUList[151]/OutSKUList[152]/OutSKUList[153]/OutSKUList[154]/OutSKUList[155]/OutSKUList[156]/OutSKUList[157]/OutSKUList[158]/OutSKUList[159]/OutSKUList[160]/OutSKUList[161]/OutSKUList[162]/OutSKUList[163]/OutSKUList[164]/OutSKUList[165]/OutSKUList[166]/OutSKUList[167]/OutSKUList[168]/OutSKUList[169]/OutSKUList[170]/OutSKUList[171]/OutSKUList[172]/OutSKUList[173]/OutSKUList[174]/OutSKUList[175]/OutSKUList[176]/OutSKUList[177]/OutSKUList[178]/OutSKUList[179]/OutSKUList[180]/OutSKUList[181]/OutSKUList[182]/OutSKUList[183]/OutSKUList[184]/OutSKUList[185]/OutSKUList[186]/OutSKUList[187]/OutSKUList[188]/OutSKUList[189]/OutSKUList[190]/OutSKUList[191]/OutSKUList[192]/OutSKUList[193]/OutSKUList[194]/OutSKUList[195]/OutSKUList[196]/OutSKUList[197]/OutSKUList[198]/OutSKUList[199]/OutSKUList[200]/OutSKUList[201]/OutSKUList[202]/OutSKUList[203]/OutSKUList[204]/OutSKUList[205]/OutSKUList[206]/OutSKUList[207]/OutSKUList[208]/OutSKUList[209]/OutSKUList[210]/OutSKUList[211]/OutSKUList[212]/OutSKUList[213]/OutSKUList[214]/OutSKUList[215]/OutSKUList[216]/OutSKUList[217]/OutSKUList[218]/OutSKUList[219]/OutSKUList[220]/OutSKUList[221]/OutSKUList[222]/OutSKUList[223]/OutSKUList[224]/OutSKUList[225]/OutSKUList[226]/OutSKUList[227]/OutSKUList[228]/OutSKUList[229]/OutSKUList[230]/OutSKUList[231]/OutSKUList[232]/OutSKUList[233]/OutSKUList[234]/OutSKUList[235]/OutSKUList[236]/OutSKUList[237]/OutSKUList[238]/OutSKUList[239]/OutSKUList[240]/OutSKUList[241]/OutSKUList[242]/OutSKUList[243]/OutSKUList[244]/OutSKUList[245]/OutSKUList[246]/OutSKUList[247]/OutSKUList[248]/OutSKUList[249]/OutSKUList[250]/OutSKUList[251]/OutSKUList[252]/OutSKUList[253]/OutSKUList[254]/OutSKUList[255]/OutSKUList[256]/OutSKUList[257]/OutSKUList[258]/OutSKUList[259]/OutSKUList[260]/OutSKUList[261]/OutSKUList[262]/OutSKUList[263]/OutSKUList[264]/OutSKUList[265]/OutSKUList[266]/OutSKUList[267]/OutSKUList[268]/OutSKUList[269]/OutSKUList[270]/OutSKUList[271]/OutSKUList[272]/OutSKUList[273]/OutSKUList[274]/OutSKUList[275]/OutSKUList[276]/OutSKUList[277]/OutSKUList[278]/OutSKUList[279]/OutSKUList[280]/OutSKUList[281]/OutSKUList[282]/OutSKUList[283]/OutSKUList[284]/OutSKUList[285]/OutSKUList[286]/OutSKUList[287]/OutSKUList[288]/OutSKUList[289]/OutSKUList[290]/OutSKUList[291]/OutSKUList[292]/OutSKUList[293]/OutSKUList[294]/OutSKUList[295]/OutSKUList[296]/OutSKUList[297]/OutSKUList[298]/OutSKUList[299]/OutSKUList[300]/OutSKUList[301]/OutSKUList[302]/OutSKUList[303]/OutSKUList[304]/OutSKUList[305]/OutSKUList[306]/OutSKUList[307]/OutSKUList[308]/OutSKUList[309]/OutSKUList[310]/OutSKUList[311]/OutSKUList[312]/OutSKUList[313]/OutSKUList[314]/OutSKUList[315]/OutSKUList[316]/OutSKUList[317]/OutSKUList[318]/OutSKUList[319]/OutSKUList[320]/OutSKUList[321]/OutSKUList[322]/OutSKUList[323]/OutSKUList[324]/OutSKUList[325]/OutSKUList[326]/OutSKUList[327]/OutSKUList[328]/OutSKUList[329]/OutSKUList[330]/OutSKUList[331]/OutSKUList[332]/OutSKUList[333]/OutSKUList[334]/OutSKUList[335]/OutSKUList[336]/OutSKUList[337]/OutSKUList[338]/OutSKUList[339]/OutSKUList[340]/OutSKUList[341]/OutSKUList[342]/OutSKUList[343]/OutSKUList[344]/OutSKUList[345]/OutSKUList[346]/OutSKUList[347]/OutSKUList[348]/OutSKUList[349]/OutSKUList[350]/OutSKUList[351]/OutSKUList[352]/OutSKUList[353]/OutSKUList[354]/OutSKUList[355]/OutSKUList[356]/OutSKUList[357]/OutSKUList[358]/OutSKUList[359]/OutSKUList[360]/OutSKUList[361]/OutSKUList[362]/OutSKUList[363]/OutSKUList[364]/OutSKUList[365]/OutSKUList[366]/OutSKUList[367]/OutSKUList[368]/OutSKUList[369]/OutSKUList[370]/OutSKUList[371]/OutSKUList[372]/OutSKUList[373]/OutSKUList[374]/OutSKUList[375]/OutSKUList[376]/OutSKUList[377]/OutSKUList[378]/OutSKUList[379]/OutSKUList[380]/OutSKUList[381]/OutSKUList[382]/OutSKUList[383]/OutSKUList[384]/OutSKUList[385]/OutSKUList[386]/OutSKUList[387]/OutSKUList[388]/OutSKUList[389]/OutSKUList[390]/OutSKUList[391]/OutSKUList[392]/OutSKUList[393]/OutSKUList[394]/OutSKUList[395]/OutSKUList[396]/OutSKUList[397]/PartsRequest/PartRequisition/PartsList/SKU[0]/SKU[1]/SKU[2]/SKU[3]/SKU[4]/SKU[5]/SKU[6]/SKU[7]/SKU[8]/SKU[9]/SKU[10]/SKU[11]/SKU[12]/SKU[13]/SKU[14]/SKU[15]/SKU[16]/SKU[17]/SKU[18]/SKU[19]/SKU[20]/SKU[21]/SKU[22]/SKU[23]/SKU[24]/SKU[25]/SKU[26]/SKU[27]/SKU[28]/SKU[29]/SKU[30]/SKU[31]/SKU[32]/SKU[33]/SKU[34]/SKU[35]/SKU[36]/SKU[37]/SKU[38]/SKU[39]/SKU[40]/SKU[41]/SKU[42]/SKU[43]/SKU[44]/SKU[45]/SKU[46]/SKU[47]/SKU[48]/SKU[49]/SKU[50]/SKU[51]/SKU[52]/SKU[53]/SKU[54]/SKU[55]/SKU[56]/SKU[57]/SKU[58]/SKU[59]/SKU[60]/SKU[61]/SKU[62]/SKU[63]/SKU[64]/SKU[65]/SKU[66]/SKU[67]/SKU[68]/SKU[69]/SKU[70]/SKU[71]/SKU[72]/SKU[73]/SKU[74]/SKU[75]/SKU[76]/SKU[77]/SKU[78]/SKU[79]/SKU[80]/SKU[81]/SKU[82]/SKU[83]/SKU[84]/SKU[85]/SKU[86]/SKU[87]/SKU[88]/SKU[89]/SKU[90]/SKU[91]/SKU[92]/SKU[93]/SKU[94]/SKU[95]/SKU[96]/SKU[97]/SKU[98]/SKU[99]/SKU[100]/SKU[101]/SKU[102]/SKU[103]/SKU[104]/SKU[105]/SKU[106]/SKU[107]/SKU[108]/SKU[109]/SKU[110]/SKU[111]/SKU[112]/SKU[113]/SKU[114]/SKU[115]/SKU[116]/SKU[117]/SKU[118]/SKU[119]/SKU[120]/SKU[121]/SKU[122]/SKU[123]/SKU[124]/SKU[125]/SKU[126]/SKU[127]/SKU[128]/SKU[129]/SKU[130]/SKU[131]/SKU[132]/SKU[133]/SKU[134]/SKU[135]/SKU[136]/SKU[137]/SKU[138]/SKU[139]/SKU[140]/SKU[141]/SKU[142]/SKU[143]/SKU[144]/SKU[145]/SKU[146]/SKU[147]/SKU[148]/SKU[149]/SKU[150]/SKU[151]/SKU[152]/SKU[153]/SKU[154]/SKU[155]/SKU[156]/SKU[157]/SKU[158]/SKU[159]/SKU[160]/SKU[161]/SKU[162]/SKU[163]/SKU[164]/SKU[165]/SKU[166]/SKU[167]/SKU[168]/SKU[169]/SKU[170]/SKU[171]/SKU[172]/SKU[173]/SKU[174]/SKU[175]/SKU[176]/SKU[177]/SKU[178]/SKU[179]/SKU[180]/SKU[181]/SKU[182]/SKU[183]/SKU[184]/SKU[185]/SKU[186]/SKU[187]/SKU[188]/SKU[189]/SKU[190]/SKU[191]/SKU[192]/SKU[193]/SKU[194]/SKU[195]/SKU[196]/SKU[197]/SKU[198]/SKU[199]/SKU[200]/SKU[201]/SKU[202]/SKU[203]/SKU[204]/SKU[205]/SKU[206]/SKU[207]/SKU[208]/SKU[209]/SKU[210]/SKU[211]/SKU[212]/SKU[213]/SKU[214]/SKU[215]/SKU[216]/SKU[217]/SKU[218]/SKU[219]/SKU[220]/SKU[221]/SKU[222]/SKU[223]/SKU[224]/SKU[225]/SKU[226]/SKU[227]/SKU[228]/SKU[229]/SKU[230]/SKU[231]/SKU[232]/SKU[233]/SKU[234]/SKU[235]/SKU[236]/SKU[237]/SKU[238]/SKU[239]/SKU[240]/SKU[241]/SKU[242]/SKU[243]/SKU[244]/SKU[245]/SKU[246]/SKU[247]/SKU[248]/SKU[249]/SKU[250]/SKU[251]/SKU[252]/SKU[253]/SKU[254]/SKU[255]/SKU[256]/SKU[257]/SKU[258]/SKU[259]/SKU[260]/SKU[261]/SKU[262]/SKU[263]/SKU[264]/SKU[265]/SKU[266]/SKU[267]/SKU[268]/SKU[269]/SKU[270]/SKU[271]/SKU[272]/SKU[273]/SKU[274]/SKU[275]/SKU[276]/SKU[277]/SKU[278]/SKU[279]/SKU[280]/SKU[281]/SKU[282]/SKU[283]/SKU[284]/SKU[285]/SKU[286]/SKU[287]/SKU[288]/SKU[289]/SKU[290]/SKU[291]/SKU[292]/SKU[293]/SKU[294]/SKU[295]/SKU[296]/SKU[297]/SKU[298]/SKU[299]/SKU[300]/SKU[301]/SKU[302]/SKU[303]/SKU[304]/SKU[305]/SKU[306]/SKU[307]/SKU[308]/SKU[309]/SKU[310]/SKU[311]/SKU[312]/SKU[313]/SKU[314]/SKU[315]/SKU[316]/SKU[317]/SKU[318]/SKU[319]/SKU[320]/SKU[321]/SKU[322]/SKU[323]/SKU[324]/SKU[325]/SKU[326]/SKU[327]/SKU[328]/SKU[329]/SKU[330]/SKU[331]/SKU[332]/SKU[333]/SKU[334]/SKU[335]/SKU[336]/SKU[337]/SKU[338]/SKU[339]/SKU[340]/SKU[341]/SKU[342]/SKU[343]/SKU[344]/SKU[345]/SKU[346]/SKU[347]/SKU[348]/SKU[349]/SKU[350]/SKU[351]/SKU[352]/SKU[353]/SKU[354]/SKU[355]/SKU[356]/SKU[357]/SKU[358]/SKU[359]/SKU[360]/SKU[361]/SKU[362]/SKU[363]/SKU[364]/SKU[365]/SKU[366]/SKU[367]/SKU[368]/SKU[369]/SKU[370]/SKU[371]/SKU[372]/SKU[373]/SKU[374]/SKU[375]/SKU[376]/SKU[377]/SKU[378]/SKU[379]/SKU[380]/SKU[381]/SKU[382]/SKU[383]/SKU[384]/SKU[385]/SKU[386]/SKU[387]/SKU[388]/SKU[389]/SKU[390]/SKU[391]/SKU[392]/SKU[393]/SKU[394]/PartsConfirmation/PartConfirmation/Header/DateTimeStamp :Expected and actual objects don&apos;t match.: expected &lt;04-17-2017 02:20&gt; but was &lt;04-19-2017 05:24&gt;
	at com.wm.ps.test.WmAssert.assertIDataEquals(WmAssert.java:161)
	at com.wm.ps.test.WmAssert.assertIDataEquals(WmAssert.java:104)
	at com.wm.ps.test.WmAssert.assertIDataEquals(WmAssert.java:104)
	at com.wm.ps.test.WmAssert.assertIDataEquals(WmAssert.java:104)
	at com.wm.ps.test.WmAssert.assertEquals(WmAssert.java:71)
	at com.wm.ps.test.DefaultResultsValidator.assertValid(DefaultResultsValidator.java:163)
	at com.wm.ps.test.WmTestCase.runInvoke(WmTestCase.java:1074)
	at com.wm.ps.test.WmTestCase.runTest(WmTestCase.java:984)
</failure>

      </testcase>

      <testcase classname="com.wm.ps.test.WmTestCase" name="addint" time="0.018" />

      <system-out><![CDATA[]]></system-out>

      <system-err><![CDATA[]]></system-err>

  </testsuite>
</testsuites>
